TN:
SF:E:\前端学习\webpack\webpack9\builder-webpack\lib\webpack.base.js
FN:11,(anonymous_0)
FN:17,(anonymous_1)
FN:86,(anonymous_2)
FN:141,errorPlugin
FN:142,(anonymous_4)
FNF:5
FNH:2
FNDA:1,(anonymous_0)
FNDA:2,(anonymous_1)
FNDA:0,(anonymous_2)
FNDA:0,errorPlugin
FNDA:0,(anonymous_4)
DA:1,1
DA:2,1
DA:3,1
DA:4,1
DA:5,1
DA:6,1
DA:7,1
DA:9,1
DA:11,1
DA:12,1
DA:13,1
DA:15,1
DA:17,1
DA:18,2
DA:21,2
DA:22,2
DA:24,2
DA:26,2
DA:44,1
DA:50,1
DA:52,1
DA:86,0
DA:142,0
DA:143,0
DA:144,0
DA:145,0
LF:26
LH:21
BRDA:22,0,0,2
BRDA:22,0,1,2
BRDA:143,1,0,0
BRDA:143,1,1,0
BRDA:143,2,0,0
BRDA:143,2,1,0
BRDA:143,2,2,0
BRF:7
BRH:2
end_of_record
